21:38:44 **** Incremental Build of configuration Debug for project Tp_SpiAds1293 ****
make -j12 all 
arm-none-eabi-gcc "../Src/main.c" -mcpu=cortex-m4 -std=gnu11 -g3 -DDEBUG -DSTM32 -DSTM32F429ZITx -DSTM32F4 -DNUCLEO_F429ZI -DUSE_HAL_DRIVER -DSTM32F429xx -c -I../Inc -I"C:/Hans/UBA/Prog uC/PdM_workspace/Tp_SpiAds1293/Drivers/STM32F4xx_HAL_Driver/Inc" -I"C:/Hans/UBA/Prog uC/PdM_workspace/Tp_SpiAds1293/Drivers/CMSIS/Include" -I"C:/Hans/UBA/Prog uC/PdM_workspace/Tp_SpiAds1293/Drivers/CMSIS/Device/ST/STM32F4xx/Include" -I"C:/Hans/UBA/Prog uC/PdM_workspace/Tp_SpiAds1293/Drivers/BSP/STM32F4xx_Nucleo_144" -I"C:/Hans/UBA/Prog uC/PdM_workspace/Tp_SpiAds1293/Drivers/Core/Inc" -I"C:/Hans/UBA/Prog uC/PdM_workspace/Tp_SpiAds1293/Drivers/API/Inc" -O0 -ffunction-sections -fdata-sections -Wall -fstack-usage -MMD -MP -MF"Src/main.d" -MT"Src/main.o" --specs=nano.specs -mfpu=fpv4-sp-d16 -mfloat-abi=hard -mthumb -o "Src/main.o"
arm-none-eabi-gcc "../Drivers/STM32F4xx_HAL_Driver/Src/stm32f4xx_hal_msp.c" -mcpu=cortex-m4 -std=gnu11 -g3 -DDEBUG -DSTM32 -DSTM32F429ZITx -DSTM32F4 -DNUCLEO_F429ZI -DUSE_HAL_DRIVER -DSTM32F429xx -c -I../Inc -I"C:/Hans/UBA/Prog uC/PdM_workspace/Tp_SpiAds1293/Drivers/STM32F4xx_HAL_Driver/Inc" -I"C:/Hans/UBA/Prog uC/PdM_workspace/Tp_SpiAds1293/Drivers/CMSIS/Include" -I"C:/Hans/UBA/Prog uC/PdM_workspace/Tp_SpiAds1293/Drivers/CMSIS/Device/ST/STM32F4xx/Include" -I"C:/Hans/UBA/Prog uC/PdM_workspace/Tp_SpiAds1293/Drivers/BSP/STM32F4xx_Nucleo_144" -I"C:/Hans/UBA/Prog uC/PdM_workspace/Tp_SpiAds1293/Drivers/Core/Inc" -I"C:/Hans/UBA/Prog uC/PdM_workspace/Tp_SpiAds1293/Drivers/API/Inc" -O0 -ffunction-sections -fdata-sections -Wall -fstack-usage -MMD -MP -MF"Drivers/STM32F4xx_HAL_Driver/Src/stm32f4xx_hal_msp.d" -MT"Drivers/STM32F4xx_HAL_Driver/Src/stm32f4xx_hal_msp.o" --specs=nano.specs -mfpu=fpv4-sp-d16 -mfloat-abi=hard -mthumb -o "Drivers/STM32F4xx_HAL_Driver/Src/stm32f4xx_hal_msp.o"
arm-none-eabi-gcc "../Drivers/Core/Src/stm32f4xx_it.c" -mcpu=cortex-m4 -std=gnu11 -g3 -DDEBUG -DSTM32 -DSTM32F429ZITx -DSTM32F4 -DNUCLEO_F429ZI -DUSE_HAL_DRIVER -DSTM32F429xx -c -I../Inc -I"C:/Hans/UBA/Prog uC/PdM_workspace/Tp_SpiAds1293/Drivers/STM32F4xx_HAL_Driver/Inc" -I"C:/Hans/UBA/Prog uC/PdM_workspace/Tp_SpiAds1293/Drivers/CMSIS/Include" -I"C:/Hans/UBA/Prog uC/PdM_workspace/Tp_SpiAds1293/Drivers/CMSIS/Device/ST/STM32F4xx/Include" -I"C:/Hans/UBA/Prog uC/PdM_workspace/Tp_SpiAds1293/Drivers/BSP/STM32F4xx_Nucleo_144" -I"C:/Hans/UBA/Prog uC/PdM_workspace/Tp_SpiAds1293/Drivers/Core/Inc" -I"C:/Hans/UBA/Prog uC/PdM_workspace/Tp_SpiAds1293/Drivers/API/Inc" -O0 -ffunction-sections -fdata-sections -Wall -fstack-usage -MMD -MP -MF"Drivers/Core/Src/stm32f4xx_it.d" -MT"Drivers/Core/Src/stm32f4xx_it.o" --specs=nano.specs -mfpu=fpv4-sp-d16 -mfloat-abi=hard -mthumb -o "Drivers/Core/Src/stm32f4xx_it.o"
arm-none-eabi-gcc "../Drivers/API/Src/API_SPI.c" -mcpu=cortex-m4 -std=gnu11 -g3 -DDEBUG -DSTM32 -DSTM32F429ZITx -DSTM32F4 -DNUCLEO_F429ZI -DUSE_HAL_DRIVER -DSTM32F429xx -c -I../Inc -I"C:/Hans/UBA/Prog uC/PdM_workspace/Tp_SpiAds1293/Drivers/STM32F4xx_HAL_Driver/Inc" -I"C:/Hans/UBA/Prog uC/PdM_workspace/Tp_SpiAds1293/Drivers/CMSIS/Include" -I"C:/Hans/UBA/Prog uC/PdM_workspace/Tp_SpiAds1293/Drivers/CMSIS/Device/ST/STM32F4xx/Include" -I"C:/Hans/UBA/Prog uC/PdM_workspace/Tp_SpiAds1293/Drivers/BSP/STM32F4xx_Nucleo_144" -I"C:/Hans/UBA/Prog uC/PdM_workspace/Tp_SpiAds1293/Drivers/Core/Inc" -I"C:/Hans/UBA/Prog uC/PdM_workspace/Tp_SpiAds1293/Drivers/API/Inc" -O0 -ffunction-sections -fdata-sections -Wall -fstack-usage -MMD -MP -MF"Drivers/API/Src/API_SPI.d" -MT"Drivers/API/Src/API_SPI.o" --specs=nano.specs -mfpu=fpv4-sp-d16 -mfloat-abi=hard -mthumb -o "Drivers/API/Src/API_SPI.o"
arm-none-eabi-gcc -o "Tp_SpiAds1293.elf" @"objects.list"   -mcpu=cortex-m4 -T"C:\Hans\UBA\Prog uC\PdM_workspace\Tp_SpiAds1293\STM32F429ZITX_FLASH.ld" --specs=nosys.specs -Wl,-Map="Tp_SpiAds1293.map" -Wl,--gc-sections -static --specs=nano.specs -mfpu=fpv4-sp-d16 -mfloat-abi=hard -mthumb -Wl,--start-group -lc -lm -Wl,--end-group
Finished building target: Tp_SpiAds1293.elf
 
arm-none-eabi-size   Tp_SpiAds1293.elf 
arm-none-eabi-objdump -h -S  Tp_SpiAds1293.elf  > "Tp_SpiAds1293.list"
arm-none-eabi-objcopy  -O binary  Tp_SpiAds1293.elf  "Tp_SpiAds1293.bin"
   text	   data	    bss	    dec	    hex	filename
  13432	     64	   1744	  15240	   3b88	Tp_SpiAds1293.elf
Finished building: default.size.stdout
 
Finished building: Tp_SpiAds1293.bin
 
Finished building: Tp_SpiAds1293.list
 
21:38:56 **** Incremental Build of configuration Debug for project Tp_SpiAds1293 ****
make -j12 all 
arm-none-eabi-size   Tp_SpiAds1293.elf 
   text	   data	    bss	    dec	    hex	filename
  13432	     64	   1744	  15240	   3b88	Tp_SpiAds1293.elf
Finished building: default.size.stdout
 
21:39:48 **** Incremental Build of configuration Debug for project Tp_SpiAds1293 ****
make -j12 all 
arm-none-eabi-gcc "../Src/main.c" -mcpu=cortex-m4 -std=gnu11 -g3 -DDEBUG -DSTM32 -DSTM32F429ZITx -DSTM32F4 -DNUCLEO_F429ZI -DUSE_HAL_DRIVER -DSTM32F429xx -c -I../Inc -I"C:/Hans/UBA/Prog uC/PdM_workspace/Tp_SpiAds1293/Drivers/STM32F4xx_HAL_Driver/Inc" -I"C:/Hans/UBA/Prog uC/PdM_workspace/Tp_SpiAds1293/Drivers/CMSIS/Include" -I"C:/Hans/UBA/Prog uC/PdM_workspace/Tp_SpiAds1293/Drivers/CMSIS/Device/ST/STM32F4xx/Include" -I"C:/Hans/UBA/Prog uC/PdM_workspace/Tp_SpiAds1293/Drivers/BSP/STM32F4xx_Nucleo_144" -I"C:/Hans/UBA/Prog uC/PdM_workspace/Tp_SpiAds1293/Drivers/Core/Inc" -I"C:/Hans/UBA/Prog uC/PdM_workspace/Tp_SpiAds1293/Drivers/API/Inc" -O0 -ffunction-sections -fdata-sections -Wall -fstack-usage -MMD -MP -MF"Src/main.d" -MT"Src/main.o" --specs=nano.specs -mfpu=fpv4-sp-d16 -mfloat-abi=hard -mthumb -o "Src/main.o"
arm-none-eabi-gcc -o "Tp_SpiAds1293.elf" @"objects.list"   -mcpu=cortex-m4 -T"C:\Hans\UBA\Prog uC\PdM_workspace\Tp_SpiAds1293\STM32F429ZITX_FLASH.ld" --specs=nosys.specs -Wl,-Map="Tp_SpiAds1293.map" -Wl,--gc-sections -static --specs=nano.specs -mfpu=fpv4-sp-d16 -mfloat-abi=hard -mthumb -Wl,--start-group -lc -lm -Wl,--end-group
Finished building target: Tp_SpiAds1293.elf
 
arm-none-eabi-size   Tp_SpiAds1293.elf 
arm-none-eabi-objdump -h -S  Tp_SpiAds1293.elf  > "Tp_SpiAds1293.list"
arm-none-eabi-objcopy  -O binary  Tp_SpiAds1293.elf  "Tp_SpiAds1293.bin"
   text	   data	    bss	    dec	    hex	filename
  13424	     64	   1744	  15232	   3b80	Tp_SpiAds1293.elf
Finished building: default.size.stdout
 
Finished building: Tp_SpiAds1293.bin
 
Finished building: Tp_SpiAds1293.list
 
21:41:17 **** Incremental Build of configuration Debug for project Tp_SpiAds1293 ****
make -j12 all 
arm-none-eabi-gcc "../Src/main.c" -mcpu=cortex-m4 -std=gnu11 -g3 -DDEBUG -DSTM32 -DSTM32F429ZITx -DSTM32F4 -DNUCLEO_F429ZI -DUSE_HAL_DRIVER -DSTM32F429xx -c -I../Inc -I"C:/Hans/UBA/Prog uC/PdM_workspace/Tp_SpiAds1293/Drivers/STM32F4xx_HAL_Driver/Inc" -I"C:/Hans/UBA/Prog uC/PdM_workspace/Tp_SpiAds1293/Drivers/CMSIS/Include" -I"C:/Hans/UBA/Prog uC/PdM_workspace/Tp_SpiAds1293/Drivers/CMSIS/Device/ST/STM32F4xx/Include" -I"C:/Hans/UBA/Prog uC/PdM_workspace/Tp_SpiAds1293/Drivers/BSP/STM32F4xx_Nucleo_144" -I"C:/Hans/UBA/Prog uC/PdM_workspace/Tp_SpiAds1293/Drivers/Core/Inc" -I"C:/Hans/UBA/Prog uC/PdM_workspace/Tp_SpiAds1293/Drivers/API/Inc" -O0 -ffunction-sections -fdata-sections -Wall -fstack-usage -MMD -MP -MF"Src/main.d" -MT"Src/main.o" --specs=nano.specs -mfpu=fpv4-sp-d16 -mfloat-abi=hard -mthumb -o "Src/main.o"
arm-none-eabi-gcc "../Drivers/STM32F4xx_HAL_Driver/Src/stm32f4xx_hal_msp.c" -mcpu=cortex-m4 -std=gnu11 -g3 -DDEBUG -DSTM32 -DSTM32F429ZITx -DSTM32F4 -DNUCLEO_F429ZI -DUSE_HAL_DRIVER -DSTM32F429xx -c -I../Inc -I"C:/Hans/UBA/Prog uC/PdM_workspace/Tp_SpiAds1293/Drivers/STM32F4xx_HAL_Driver/Inc" -I"C:/Hans/UBA/Prog uC/PdM_workspace/Tp_SpiAds1293/Drivers/CMSIS/Include" -I"C:/Hans/UBA/Prog uC/PdM_workspace/Tp_SpiAds1293/Drivers/CMSIS/Device/ST/STM32F4xx/Include" -I"C:/Hans/UBA/Prog uC/PdM_workspace/Tp_SpiAds1293/Drivers/BSP/STM32F4xx_Nucleo_144" -I"C:/Hans/UBA/Prog uC/PdM_workspace/Tp_SpiAds1293/Drivers/Core/Inc" -I"C:/Hans/UBA/Prog uC/PdM_workspace/Tp_SpiAds1293/Drivers/API/Inc" -O0 -ffunction-sections -fdata-sections -Wall -fstack-usage -MMD -MP -MF"Drivers/STM32F4xx_HAL_Driver/Src/stm32f4xx_hal_msp.d" -MT"Drivers/STM32F4xx_HAL_Driver/Src/stm32f4xx_hal_msp.o" --specs=nano.specs -mfpu=fpv4-sp-d16 -mfloat-abi=hard -mthumb -o "Drivers/STM32F4xx_HAL_Driver/Src/stm32f4xx_hal_msp.o"
arm-none-eabi-gcc "../Drivers/Core/Src/stm32f4xx_it.c" -mcpu=cortex-m4 -std=gnu11 -g3 -DDEBUG -DSTM32 -DSTM32F429ZITx -DSTM32F4 -DNUCLEO_F429ZI -DUSE_HAL_DRIVER -DSTM32F429xx -c -I../Inc -I"C:/Hans/UBA/Prog uC/PdM_workspace/Tp_SpiAds1293/Drivers/STM32F4xx_HAL_Driver/Inc" -I"C:/Hans/UBA/Prog uC/PdM_workspace/Tp_SpiAds1293/Drivers/CMSIS/Include" -I"C:/Hans/UBA/Prog uC/PdM_workspace/Tp_SpiAds1293/Drivers/CMSIS/Device/ST/STM32F4xx/Include" -I"C:/Hans/UBA/Prog uC/PdM_workspace/Tp_SpiAds1293/Drivers/BSP/STM32F4xx_Nucleo_144" -I"C:/Hans/UBA/Prog uC/PdM_workspace/Tp_SpiAds1293/Drivers/Core/Inc" -I"C:/Hans/UBA/Prog uC/PdM_workspace/Tp_SpiAds1293/Drivers/API/Inc" -O0 -ffunction-sections -fdata-sections -Wall -fstack-usage -MMD -MP -MF"Drivers/Core/Src/stm32f4xx_it.d" -MT"Drivers/Core/Src/stm32f4xx_it.o" --specs=nano.specs -mfpu=fpv4-sp-d16 -mfloat-abi=hard -mthumb -o "Drivers/Core/Src/stm32f4xx_it.o"
arm-none-eabi-gcc "../Drivers/API/Src/API_SPI.c" -mcpu=cortex-m4 -std=gnu11 -g3 -DDEBUG -DSTM32 -DSTM32F429ZITx -DSTM32F4 -DNUCLEO_F429ZI -DUSE_HAL_DRIVER -DSTM32F429xx -c -I../Inc -I"C:/Hans/UBA/Prog uC/PdM_workspace/Tp_SpiAds1293/Drivers/STM32F4xx_HAL_Driver/Inc" -I"C:/Hans/UBA/Prog uC/PdM_workspace/Tp_SpiAds1293/Drivers/CMSIS/Include" -I"C:/Hans/UBA/Prog uC/PdM_workspace/Tp_SpiAds1293/Drivers/CMSIS/Device/ST/STM32F4xx/Include" -I"C:/Hans/UBA/Prog uC/PdM_workspace/Tp_SpiAds1293/Drivers/BSP/STM32F4xx_Nucleo_144" -I"C:/Hans/UBA/Prog uC/PdM_workspace/Tp_SpiAds1293/Drivers/Core/Inc" -I"C:/Hans/UBA/Prog uC/PdM_workspace/Tp_SpiAds1293/Drivers/API/Inc" -O0 -ffunction-sections -fdata-sections -Wall -fstack-usage -MMD -MP -MF"Drivers/API/Src/API_SPI.d" -MT"Drivers/API/Src/API_SPI.o" --specs=nano.specs -mfpu=fpv4-sp-d16 -mfloat-abi=hard -mthumb -o "Drivers/API/Src/API_SPI.o"
arm-none-eabi-gcc -o "Tp_SpiAds1293.elf" @"objects.list"   -mcpu=cortex-m4 -T"C:\Hans\UBA\Prog uC\PdM_workspace\Tp_SpiAds1293\STM32F429ZITX_FLASH.ld" --specs=nosys.specs -Wl,-Map="Tp_SpiAds1293.map" -Wl,--gc-sections -static --specs=nano.specs -mfpu=fpv4-sp-d16 -mfloat-abi=hard -mthumb -Wl,--start-group -lc -lm -Wl,--end-group
Finished building target: Tp_SpiAds1293.elf
 
arm-none-eabi-size   Tp_SpiAds1293.elf 
arm-none-eabi-objdump -h -S  Tp_SpiAds1293.elf  > "Tp_SpiAds1293.list"
arm-none-eabi-objcopy  -O binary  Tp_SpiAds1293.elf  "Tp_SpiAds1293.bin"
   text	   data	    bss	    dec	    hex	filename
  13444	     64	   1744	  15252	   3b94	Tp_SpiAds1293.elf
Finished building: default.size.stdout
 
Finished building: Tp_SpiAds1293.bin
 
Finished building: Tp_SpiAds1293.list
 
21:43:16 **** Incremental Build of configuration Debug for project Tp_SpiAds1293 ****
make -j12 all 
arm-none-eabi-gcc "../Src/main.c" -mcpu=cortex-m4 -std=gnu11 -g3 -DDEBUG -DSTM32 -DSTM32F429ZITx -DSTM32F4 -DNUCLEO_F429ZI -DUSE_HAL_DRIVER -DSTM32F429xx -c -I../Inc -I"C:/Hans/UBA/Prog uC/PdM_workspace/Tp_SpiAds1293/Drivers/STM32F4xx_HAL_Driver/Inc" -I"C:/Hans/UBA/Prog uC/PdM_workspace/Tp_SpiAds1293/Drivers/CMSIS/Include" -I"C:/Hans/UBA/Prog uC/PdM_workspace/Tp_SpiAds1293/Drivers/CMSIS/Device/ST/STM32F4xx/Include" -I"C:/Hans/UBA/Prog uC/PdM_workspace/Tp_SpiAds1293/Drivers/BSP/STM32F4xx_Nucleo_144" -I"C:/Hans/UBA/Prog uC/PdM_workspace/Tp_SpiAds1293/Drivers/Core/Inc" -I"C:/Hans/UBA/Prog uC/PdM_workspace/Tp_SpiAds1293/Drivers/API/Inc" -O0 -ffunction-sections -fdata-sections -Wall -fstack-usage -MMD -MP -MF"Src/main.d" -MT"Src/main.o" --specs=nano.specs -mfpu=fpv4-sp-d16 -mfloat-abi=hard -mthumb -o "Src/main.o"
arm-none-eabi-gcc "../Drivers/STM32F4xx_HAL_Driver/Src/stm32f4xx_hal_msp.c" -mcpu=cortex-m4 -std=gnu11 -g3 -DDEBUG -DSTM32 -DSTM32F429ZITx -DSTM32F4 -DNUCLEO_F429ZI -DUSE_HAL_DRIVER -DSTM32F429xx -c -I../Inc -I"C:/Hans/UBA/Prog uC/PdM_workspace/Tp_SpiAds1293/Drivers/STM32F4xx_HAL_Driver/Inc" -I"C:/Hans/UBA/Prog uC/PdM_workspace/Tp_SpiAds1293/Drivers/CMSIS/Include" -I"C:/Hans/UBA/Prog uC/PdM_workspace/Tp_SpiAds1293/Drivers/CMSIS/Device/ST/STM32F4xx/Include" -I"C:/Hans/UBA/Prog uC/PdM_workspace/Tp_SpiAds1293/Drivers/BSP/STM32F4xx_Nucleo_144" -I"C:/Hans/UBA/Prog uC/PdM_workspace/Tp_SpiAds1293/Drivers/Core/Inc" -I"C:/Hans/UBA/Prog uC/PdM_workspace/Tp_SpiAds1293/Drivers/API/Inc" -O0 -ffunction-sections -fdata-sections -Wall -fstack-usage -MMD -MP -MF"Drivers/STM32F4xx_HAL_Driver/Src/stm32f4xx_hal_msp.d" -MT"Drivers/STM32F4xx_HAL_Driver/Src/stm32f4xx_hal_msp.o" --specs=nano.specs -mfpu=fpv4-sp-d16 -mfloat-abi=hard -mthumb -o "Drivers/STM32F4xx_HAL_Driver/Src/stm32f4xx_hal_msp.o"
arm-none-eabi-gcc "../Drivers/Core/Src/stm32f4xx_it.c" -mcpu=cortex-m4 -std=gnu11 -g3 -DDEBUG -DSTM32 -DSTM32F429ZITx -DSTM32F4 -DNUCLEO_F429ZI -DUSE_HAL_DRIVER -DSTM32F429xx -c -I../Inc -I"C:/Hans/UBA/Prog uC/PdM_workspace/Tp_SpiAds1293/Drivers/STM32F4xx_HAL_Driver/Inc" -I"C:/Hans/UBA/Prog uC/PdM_workspace/Tp_SpiAds1293/Drivers/CMSIS/Include" -I"C:/Hans/UBA/Prog uC/PdM_workspace/Tp_SpiAds1293/Drivers/CMSIS/Device/ST/STM32F4xx/Include" -I"C:/Hans/UBA/Prog uC/PdM_workspace/Tp_SpiAds1293/Drivers/BSP/STM32F4xx_Nucleo_144" -I"C:/Hans/UBA/Prog uC/PdM_workspace/Tp_SpiAds1293/Drivers/Core/Inc" -I"C:/Hans/UBA/Prog uC/PdM_workspace/Tp_SpiAds1293/Drivers/API/Inc" -O0 -ffunction-sections -fdata-sections -Wall -fstack-usage -MMD -MP -MF"Drivers/Core/Src/stm32f4xx_it.d" -MT"Drivers/Core/Src/stm32f4xx_it.o" --specs=nano.specs -mfpu=fpv4-sp-d16 -mfloat-abi=hard -mthumb -o "Drivers/Core/Src/stm32f4xx_it.o"
arm-none-eabi-gcc "../Drivers/API/Src/API_SPI.c" -mcpu=cortex-m4 -std=gnu11 -g3 -DDEBUG -DSTM32 -DSTM32F429ZITx -DSTM32F4 -DNUCLEO_F429ZI -DUSE_HAL_DRIVER -DSTM32F429xx -c -I../Inc -I"C:/Hans/UBA/Prog uC/PdM_workspace/Tp_SpiAds1293/Drivers/STM32F4xx_HAL_Driver/Inc" -I"C:/Hans/UBA/Prog uC/PdM_workspace/Tp_SpiAds1293/Drivers/CMSIS/Include" -I"C:/Hans/UBA/Prog uC/PdM_workspace/Tp_SpiAds1293/Drivers/CMSIS/Device/ST/STM32F4xx/Include" -I"C:/Hans/UBA/Prog uC/PdM_workspace/Tp_SpiAds1293/Drivers/BSP/STM32F4xx_Nucleo_144" -I"C:/Hans/UBA/Prog uC/PdM_workspace/Tp_SpiAds1293/Drivers/Core/Inc" -I"C:/Hans/UBA/Prog uC/PdM_workspace/Tp_SpiAds1293/Drivers/API/Inc" -O0 -ffunction-sections -fdata-sections -Wall -fstack-usage -MMD -MP -MF"Drivers/API/Src/API_SPI.d" -MT"Drivers/API/Src/API_SPI.o" --specs=nano.specs -mfpu=fpv4-sp-d16 -mfloat-abi=hard -mthumb -o "Drivers/API/Src/API_SPI.o"
arm-none-eabi-gcc -o "Tp_SpiAds1293.elf" @"objects.list"   -mcpu=cortex-m4 -T"C:\Hans\UBA\Prog uC\PdM_workspace\Tp_SpiAds1293\STM32F429ZITX_FLASH.ld" --specs=nosys.specs -Wl,-Map="Tp_SpiAds1293.map" -Wl,--gc-sections -static --specs=nano.specs -mfpu=fpv4-sp-d16 -mfloat-abi=hard -mthumb -Wl,--start-group -lc -lm -Wl,--end-group
Finished building target: Tp_SpiAds1293.elf
 
arm-none-eabi-size   Tp_SpiAds1293.elf 
arm-none-eabi-objdump -h -S  Tp_SpiAds1293.elf  > "Tp_SpiAds1293.list"
arm-none-eabi-objcopy  -O binary  Tp_SpiAds1293.elf  "Tp_SpiAds1293.bin"
   text	   data	    bss	    dec	    hex	filename
  13448	     64	   1744	  15256	   3b98	Tp_SpiAds1293.elf
Finished building: default.size.stdout
 
Finished building: Tp_SpiAds1293.bin
 
Finished building: Tp_SpiAds1293.list
 
21:44:28 **** Incremental Build of configuration Debug for project Tp_SpiAds1293 ****
make -j12 all 
arm-none-eabi-gcc "../Src/main.c" -mcpu=cortex-m4 -std=gnu11 -g3 -DDEBUG -DSTM32 -DSTM32F429ZITx -DSTM32F4 -DNUCLEO_F429ZI -DUSE_HAL_DRIVER -DSTM32F429xx -c -I../Inc -I"C:/Hans/UBA/Prog uC/PdM_workspace/Tp_SpiAds1293/Drivers/STM32F4xx_HAL_Driver/Inc" -I"C:/Hans/UBA/Prog uC/PdM_workspace/Tp_SpiAds1293/Drivers/CMSIS/Include" -I"C:/Hans/UBA/Prog uC/PdM_workspace/Tp_SpiAds1293/Drivers/CMSIS/Device/ST/STM32F4xx/Include" -I"C:/Hans/UBA/Prog uC/PdM_workspace/Tp_SpiAds1293/Drivers/BSP/STM32F4xx_Nucleo_144" -I"C:/Hans/UBA/Prog uC/PdM_workspace/Tp_SpiAds1293/Drivers/Core/Inc" -I"C:/Hans/UBA/Prog uC/PdM_workspace/Tp_SpiAds1293/Drivers/API/Inc" -O0 -ffunction-sections -fdata-sections -Wall -fstack-usage -MMD -MP -MF"Src/main.d" -MT"Src/main.o" --specs=nano.specs -mfpu=fpv4-sp-d16 -mfloat-abi=hard -mthumb -o "Src/main.o"
arm-none-eabi-gcc -o "Tp_SpiAds1293.elf" @"objects.list"   -mcpu=cortex-m4 -T"C:\Hans\UBA\Prog uC\PdM_workspace\Tp_SpiAds1293\STM32F429ZITX_FLASH.ld" --specs=nosys.specs -Wl,-Map="Tp_SpiAds1293.map" -Wl,--gc-sections -static --specs=nano.specs -mfpu=fpv4-sp-d16 -mfloat-abi=hard -mthumb -Wl,--start-group -lc -lm -Wl,--end-group
Finished building target: Tp_SpiAds1293.elf
 
arm-none-eabi-size   Tp_SpiAds1293.elf 
arm-none-eabi-objdump -h -S  Tp_SpiAds1293.elf  > "Tp_SpiAds1293.list"
arm-none-eabi-objcopy  -O binary  Tp_SpiAds1293.elf  "Tp_SpiAds1293.bin"
   text	   data	    bss	    dec	    hex	filename
  13424	     64	   1744	  15232	   3b80	Tp_SpiAds1293.elf
Finished building: default.size.stdout
 
Finished building: Tp_SpiAds1293.bin
 
Finished building: Tp_SpiAds1293.list
 
21:46:55 **** Incremental Build of configuration Debug for project Tp_SpiAds1293 ****
make -j12 all 
arm-none-eabi-gcc "../Src/main.c" -mcpu=cortex-m4 -std=gnu11 -g3 -DDEBUG -DSTM32 -DSTM32F429ZITx -DSTM32F4 -DNUCLEO_F429ZI -DUSE_HAL_DRIVER -DSTM32F429xx -c -I../Inc -I"C:/Hans/UBA/Prog uC/PdM_workspace/Tp_SpiAds1293/Drivers/STM32F4xx_HAL_Driver/Inc" -I"C:/Hans/UBA/Prog uC/PdM_workspace/Tp_SpiAds1293/Drivers/CMSIS/Include" -I"C:/Hans/UBA/Prog uC/PdM_workspace/Tp_SpiAds1293/Drivers/CMSIS/Device/ST/STM32F4xx/Include" -I"C:/Hans/UBA/Prog uC/PdM_workspace/Tp_SpiAds1293/Drivers/BSP/STM32F4xx_Nucleo_144" -I"C:/Hans/UBA/Prog uC/PdM_workspace/Tp_SpiAds1293/Drivers/Core/Inc" -I"C:/Hans/UBA/Prog uC/PdM_workspace/Tp_SpiAds1293/Drivers/API/Inc" -O0 -ffunction-sections -fdata-sections -Wall -fstack-usage -MMD -MP -MF"Src/main.d" -MT"Src/main.o" --specs=nano.specs -mfpu=fpv4-sp-d16 -mfloat-abi=hard -mthumb -o "Src/main.o"
arm-none-eabi-gcc "../Drivers/STM32F4xx_HAL_Driver/Src/stm32f4xx_hal_msp.c" -mcpu=cortex-m4 -std=gnu11 -g3 -DDEBUG -DSTM32 -DSTM32F429ZITx -DSTM32F4 -DNUCLEO_F429ZI -DUSE_HAL_DRIVER -DSTM32F429xx -c -I../Inc -I"C:/Hans/UBA/Prog uC/PdM_workspace/Tp_SpiAds1293/Drivers/STM32F4xx_HAL_Driver/Inc" -I"C:/Hans/UBA/Prog uC/PdM_workspace/Tp_SpiAds1293/Drivers/CMSIS/Include" -I"C:/Hans/UBA/Prog uC/PdM_workspace/Tp_SpiAds1293/Drivers/CMSIS/Device/ST/STM32F4xx/Include" -I"C:/Hans/UBA/Prog uC/PdM_workspace/Tp_SpiAds1293/Drivers/BSP/STM32F4xx_Nucleo_144" -I"C:/Hans/UBA/Prog uC/PdM_workspace/Tp_SpiAds1293/Drivers/Core/Inc" -I"C:/Hans/UBA/Prog uC/PdM_workspace/Tp_SpiAds1293/Drivers/API/Inc" -O0 -ffunction-sections -fdata-sections -Wall -fstack-usage -MMD -MP -MF"Drivers/STM32F4xx_HAL_Driver/Src/stm32f4xx_hal_msp.d" -MT"Drivers/STM32F4xx_HAL_Driver/Src/stm32f4xx_hal_msp.o" --specs=nano.specs -mfpu=fpv4-sp-d16 -mfloat-abi=hard -mthumb -o "Drivers/STM32F4xx_HAL_Driver/Src/stm32f4xx_hal_msp.o"
arm-none-eabi-gcc "../Drivers/Core/Src/stm32f4xx_it.c" -mcpu=cortex-m4 -std=gnu11 -g3 -DDEBUG -DSTM32 -DSTM32F429ZITx -DSTM32F4 -DNUCLEO_F429ZI -DUSE_HAL_DRIVER -DSTM32F429xx -c -I../Inc -I"C:/Hans/UBA/Prog uC/PdM_workspace/Tp_SpiAds1293/Drivers/STM32F4xx_HAL_Driver/Inc" -I"C:/Hans/UBA/Prog uC/PdM_workspace/Tp_SpiAds1293/Drivers/CMSIS/Include" -I"C:/Hans/UBA/Prog uC/PdM_workspace/Tp_SpiAds1293/Drivers/CMSIS/Device/ST/STM32F4xx/Include" -I"C:/Hans/UBA/Prog uC/PdM_workspace/Tp_SpiAds1293/Drivers/BSP/STM32F4xx_Nucleo_144" -I"C:/Hans/UBA/Prog uC/PdM_workspace/Tp_SpiAds1293/Drivers/Core/Inc" -I"C:/Hans/UBA/Prog uC/PdM_workspace/Tp_SpiAds1293/Drivers/API/Inc" -O0 -ffunction-sections -fdata-sections -Wall -fstack-usage -MMD -MP -MF"Drivers/Core/Src/stm32f4xx_it.d" -MT"Drivers/Core/Src/stm32f4xx_it.o" --specs=nano.specs -mfpu=fpv4-sp-d16 -mfloat-abi=hard -mthumb -o "Drivers/Core/Src/stm32f4xx_it.o"
arm-none-eabi-gcc "../Drivers/API/Src/API_SPI.c" -mcpu=cortex-m4 -std=gnu11 -g3 -DDEBUG -DSTM32 -DSTM32F429ZITx -DSTM32F4 -DNUCLEO_F429ZI -DUSE_HAL_DRIVER -DSTM32F429xx -c -I../Inc -I"C:/Hans/UBA/Prog uC/PdM_workspace/Tp_SpiAds1293/Drivers/STM32F4xx_HAL_Driver/Inc" -I"C:/Hans/UBA/Prog uC/PdM_workspace/Tp_SpiAds1293/Drivers/CMSIS/Include" -I"C:/Hans/UBA/Prog uC/PdM_workspace/Tp_SpiAds1293/Drivers/CMSIS/Device/ST/STM32F4xx/Include" -I"C:/Hans/UBA/Prog uC/PdM_workspace/Tp_SpiAds1293/Drivers/BSP/STM32F4xx_Nucleo_144" -I"C:/Hans/UBA/Prog uC/PdM_workspace/Tp_SpiAds1293/Drivers/Core/Inc" -I"C:/Hans/UBA/Prog uC/PdM_workspace/Tp_SpiAds1293/Drivers/API/Inc" -O0 -ffunction-sections -fdata-sections -Wall -fstack-usage -MMD -MP -MF"Drivers/API/Src/API_SPI.d" -MT"Drivers/API/Src/API_SPI.o" --specs=nano.specs -mfpu=fpv4-sp-d16 -mfloat-abi=hard -mthumb -o "Drivers/API/Src/API_SPI.o"
../Src/main.c: In function 'main':
../Src/main.c:73:2: warning: implicit declaration of function 'testing' [-Wimplicit-function-declaration]
   73 |  testing(&ptxData, &prxData);
      |  ^~~~~~~
arm-none-eabi-gcc -o "Tp_SpiAds1293.elf" @"objects.list"   -mcpu=cortex-m4 -T"C:\Hans\UBA\Prog uC\PdM_workspace\Tp_SpiAds1293\STM32F429ZITX_FLASH.ld" --specs=nosys.specs -Wl,-Map="Tp_SpiAds1293.map" -Wl,--gc-sections -static --specs=nano.specs -mfpu=fpv4-sp-d16 -mfloat-abi=hard -mthumb -Wl,--start-group -lc -lm -Wl,--end-group
c:\st\stm32cubeide_1.8.0\stm32cubeide\plugins\com.st.stm32cube.ide.mcu.externaltools.gnu-tools-for-stm32.9-2020-q2-update.win32_2.0.0.202105311346\tools\arm-none-eabi\bin\ld.exe: ./Src/main.o: in function `main':
C:/Hans/UBA/Prog uC/PdM_workspace/Tp_SpiAds1293/Debug/../Src/main.c:73: undefined reference to `testing'
collect2.exe: error: ld returned 1 exit status
make: *** [makefile:69: Tp_SpiAds1293.elf] Error 1
"make -j12 all" terminated with exit code 2. Build might be incomplete.
21:47:29 **** Incremental Build of configuration Debug for project Tp_SpiAds1293 ****
make -j12 all 
arm-none-eabi-gcc "../Src/main.c" -mcpu=cortex-m4 -std=gnu11 -g3 -DDEBUG -DSTM32 -DSTM32F429ZITx -DSTM32F4 -DNUCLEO_F429ZI -DUSE_HAL_DRIVER -DSTM32F429xx -c -I../Inc -I"C:/Hans/UBA/Prog uC/PdM_workspace/Tp_SpiAds1293/Drivers/STM32F4xx_HAL_Driver/Inc" -I"C:/Hans/UBA/Prog uC/PdM_workspace/Tp_SpiAds1293/Drivers/CMSIS/Include" -I"C:/Hans/UBA/Prog uC/PdM_workspace/Tp_SpiAds1293/Drivers/CMSIS/Device/ST/STM32F4xx/Include" -I"C:/Hans/UBA/Prog uC/PdM_workspace/Tp_SpiAds1293/Drivers/BSP/STM32F4xx_Nucleo_144" -I"C:/Hans/UBA/Prog uC/PdM_workspace/Tp_SpiAds1293/Drivers/Core/Inc" -I"C:/Hans/UBA/Prog uC/PdM_workspace/Tp_SpiAds1293/Drivers/API/Inc" -O0 -ffunction-sections -fdata-sections -Wall -fstack-usage -MMD -MP -MF"Src/main.d" -MT"Src/main.o" --specs=nano.specs -mfpu=fpv4-sp-d16 -mfloat-abi=hard -mthumb -o "Src/main.o"
arm-none-eabi-gcc -o "Tp_SpiAds1293.elf" @"objects.list"   -mcpu=cortex-m4 -T"C:\Hans\UBA\Prog uC\PdM_workspace\Tp_SpiAds1293\STM32F429ZITX_FLASH.ld" --specs=nosys.specs -Wl,-Map="Tp_SpiAds1293.map" -Wl,--gc-sections -static --specs=nano.specs -mfpu=fpv4-sp-d16 -mfloat-abi=hard -mthumb -Wl,--start-group -lc -lm -Wl,--end-group
Finished building target: Tp_SpiAds1293.elf
 
arm-none-eabi-size   Tp_SpiAds1293.elf 
arm-none-eabi-objdump -h -S  Tp_SpiAds1293.elf  > "Tp_SpiAds1293.list"
arm-none-eabi-objcopy  -O binary  Tp_SpiAds1293.elf  "Tp_SpiAds1293.bin"
   text	   data	    bss	    dec	    hex	filename
  13424	     64	   1744	  15232	   3b80	Tp_SpiAds1293.elf
Finished building: default.size.stdout
 
Finished building: Tp_SpiAds1293.bin
 
Finished building: Tp_SpiAds1293.list
 
21:49:23 **** Incremental Build of configuration Debug for project Tp_SpiAds1293 ****
make -j12 all 
arm-none-eabi-gcc "../Src/main.c" -mcpu=cortex-m4 -std=gnu11 -g3 -DDEBUG -DSTM32 -DSTM32F429ZITx -DSTM32F4 -DNUCLEO_F429ZI -DUSE_HAL_DRIVER -DSTM32F429xx -c -I../Inc -I"C:/Hans/UBA/Prog uC/PdM_workspace/Tp_SpiAds1293/Drivers/STM32F4xx_HAL_Driver/Inc" -I"C:/Hans/UBA/Prog uC/PdM_workspace/Tp_SpiAds1293/Drivers/CMSIS/Include" -I"C:/Hans/UBA/Prog uC/PdM_workspace/Tp_SpiAds1293/Drivers/CMSIS/Device/ST/STM32F4xx/Include" -I"C:/Hans/UBA/Prog uC/PdM_workspace/Tp_SpiAds1293/Drivers/BSP/STM32F4xx_Nucleo_144" -I"C:/Hans/UBA/Prog uC/PdM_workspace/Tp_SpiAds1293/Drivers/Core/Inc" -I"C:/Hans/UBA/Prog uC/PdM_workspace/Tp_SpiAds1293/Drivers/API/Inc" -O0 -ffunction-sections -fdata-sections -Wall -fstack-usage -MMD -MP -MF"Src/main.d" -MT"Src/main.o" --specs=nano.specs -mfpu=fpv4-sp-d16 -mfloat-abi=hard -mthumb -o "Src/main.o"
arm-none-eabi-gcc -o "Tp_SpiAds1293.elf" @"objects.list"   -mcpu=cortex-m4 -T"C:\Hans\UBA\Prog uC\PdM_workspace\Tp_SpiAds1293\STM32F429ZITX_FLASH.ld" --specs=nosys.specs -Wl,-Map="Tp_SpiAds1293.map" -Wl,--gc-sections -static --specs=nano.specs -mfpu=fpv4-sp-d16 -mfloat-abi=hard -mthumb -Wl,--start-group -lc -lm -Wl,--end-group
Finished building target: Tp_SpiAds1293.elf
 
arm-none-eabi-size   Tp_SpiAds1293.elf 
arm-none-eabi-objdump -h -S  Tp_SpiAds1293.elf  > "Tp_SpiAds1293.list"
arm-none-eabi-objcopy  -O binary  Tp_SpiAds1293.elf  "Tp_SpiAds1293.bin"
   text	   data	    bss	    dec	    hex	filename
  13440	     64	   1744	  15248	   3b90	Tp_SpiAds1293.elf
Finished building: default.size.stdout
 
Finished building: Tp_SpiAds1293.bin
 
Finished building: Tp_SpiAds1293.list
 
21:52:11 **** Incremental Build of configuration Debug for project Tp_SpiAds1293 ****
make -j12 all 
arm-none-eabi-gcc "../Src/main.c" -mcpu=cortex-m4 -std=gnu11 -g3 -DDEBUG -DSTM32 -DSTM32F429ZITx -DSTM32F4 -DNUCLEO_F429ZI -DUSE_HAL_DRIVER -DSTM32F429xx -c -I../Inc -I"C:/Hans/UBA/Prog uC/PdM_workspace/Tp_SpiAds1293/Drivers/STM32F4xx_HAL_Driver/Inc" -I"C:/Hans/UBA/Prog uC/PdM_workspace/Tp_SpiAds1293/Drivers/CMSIS/Include" -I"C:/Hans/UBA/Prog uC/PdM_workspace/Tp_SpiAds1293/Drivers/CMSIS/Device/ST/STM32F4xx/Include" -I"C:/Hans/UBA/Prog uC/PdM_workspace/Tp_SpiAds1293/Drivers/BSP/STM32F4xx_Nucleo_144" -I"C:/Hans/UBA/Prog uC/PdM_workspace/Tp_SpiAds1293/Drivers/Core/Inc" -I"C:/Hans/UBA/Prog uC/PdM_workspace/Tp_SpiAds1293/Drivers/API/Inc" -O0 -ffunction-sections -fdata-sections -Wall -fstack-usage -MMD -MP -MF"Src/main.d" -MT"Src/main.o" --specs=nano.specs -mfpu=fpv4-sp-d16 -mfloat-abi=hard -mthumb -o "Src/main.o"
arm-none-eabi-gcc -o "Tp_SpiAds1293.elf" @"objects.list"   -mcpu=cortex-m4 -T"C:\Hans\UBA\Prog uC\PdM_workspace\Tp_SpiAds1293\STM32F429ZITX_FLASH.ld" --specs=nosys.specs -Wl,-Map="Tp_SpiAds1293.map" -Wl,--gc-sections -static --specs=nano.specs -mfpu=fpv4-sp-d16 -mfloat-abi=hard -mthumb -Wl,--start-group -lc -lm -Wl,--end-group
Finished building target: Tp_SpiAds1293.elf
 
arm-none-eabi-size   Tp_SpiAds1293.elf 
arm-none-eabi-objdump -h -S  Tp_SpiAds1293.elf  > "Tp_SpiAds1293.list"
arm-none-eabi-objcopy  -O binary  Tp_SpiAds1293.elf  "Tp_SpiAds1293.bin"
   text	   data	    bss	    dec	    hex	filename
  13424	     64	   1744	  15232	   3b80	Tp_SpiAds1293.elf
Finished building: default.size.stdout
 
Finished building: Tp_SpiAds1293.bin
 
Finished building: Tp_SpiAds1293.list
 
21:55:56 **** Incremental Build of configuration Debug for project Tp_SpiAds1293 ****
make -j12 all 
arm-none-eabi-gcc "../Src/main.c" -mcpu=cortex-m4 -std=gnu11 -g3 -DDEBUG -DSTM32 -DSTM32F429ZITx -DSTM32F4 -DNUCLEO_F429ZI -DUSE_HAL_DRIVER -DSTM32F429xx -c -I../Inc -I"C:/Hans/UBA/Prog uC/PdM_workspace/Tp_SpiAds1293/Drivers/STM32F4xx_HAL_Driver/Inc" -I"C:/Hans/UBA/Prog uC/PdM_workspace/Tp_SpiAds1293/Drivers/CMSIS/Include" -I"C:/Hans/UBA/Prog uC/PdM_workspace/Tp_SpiAds1293/Drivers/CMSIS/Device/ST/STM32F4xx/Include" -I"C:/Hans/UBA/Prog uC/PdM_workspace/Tp_SpiAds1293/Drivers/BSP/STM32F4xx_Nucleo_144" -I"C:/Hans/UBA/Prog uC/PdM_workspace/Tp_SpiAds1293/Drivers/Core/Inc" -I"C:/Hans/UBA/Prog uC/PdM_workspace/Tp_SpiAds1293/Drivers/API/Inc" -O0 -ffunction-sections -fdata-sections -Wall -fstack-usage -MMD -MP -MF"Src/main.d" -MT"Src/main.o" --specs=nano.specs -mfpu=fpv4-sp-d16 -mfloat-abi=hard -mthumb -o "Src/main.o"
arm-none-eabi-gcc "../Drivers/STM32F4xx_HAL_Driver/Src/stm32f4xx_hal_msp.c" -mcpu=cortex-m4 -std=gnu11 -g3 -DDEBUG -DSTM32 -DSTM32F429ZITx -DSTM32F4 -DNUCLEO_F429ZI -DUSE_HAL_DRIVER -DSTM32F429xx -c -I../Inc -I"C:/Hans/UBA/Prog uC/PdM_workspace/Tp_SpiAds1293/Drivers/STM32F4xx_HAL_Driver/Inc" -I"C:/Hans/UBA/Prog uC/PdM_workspace/Tp_SpiAds1293/Drivers/CMSIS/Include" -I"C:/Hans/UBA/Prog uC/PdM_workspace/Tp_SpiAds1293/Drivers/CMSIS/Device/ST/STM32F4xx/Include" -I"C:/Hans/UBA/Prog uC/PdM_workspace/Tp_SpiAds1293/Drivers/BSP/STM32F4xx_Nucleo_144" -I"C:/Hans/UBA/Prog uC/PdM_workspace/Tp_SpiAds1293/Drivers/Core/Inc" -I"C:/Hans/UBA/Prog uC/PdM_workspace/Tp_SpiAds1293/Drivers/API/Inc" -O0 -ffunction-sections -fdata-sections -Wall -fstack-usage -MMD -MP -MF"Drivers/STM32F4xx_HAL_Driver/Src/stm32f4xx_hal_msp.d" -MT"Drivers/STM32F4xx_HAL_Driver/Src/stm32f4xx_hal_msp.o" --specs=nano.specs -mfpu=fpv4-sp-d16 -mfloat-abi=hard -mthumb -o "Drivers/STM32F4xx_HAL_Driver/Src/stm32f4xx_hal_msp.o"
arm-none-eabi-gcc "../Drivers/Core/Src/stm32f4xx_it.c" -mcpu=cortex-m4 -std=gnu11 -g3 -DDEBUG -DSTM32 -DSTM32F429ZITx -DSTM32F4 -DNUCLEO_F429ZI -DUSE_HAL_DRIVER -DSTM32F429xx -c -I../Inc -I"C:/Hans/UBA/Prog uC/PdM_workspace/Tp_SpiAds1293/Drivers/STM32F4xx_HAL_Driver/Inc" -I"C:/Hans/UBA/Prog uC/PdM_workspace/Tp_SpiAds1293/Drivers/CMSIS/Include" -I"C:/Hans/UBA/Prog uC/PdM_workspace/Tp_SpiAds1293/Drivers/CMSIS/Device/ST/STM32F4xx/Include" -I"C:/Hans/UBA/Prog uC/PdM_workspace/Tp_SpiAds1293/Drivers/BSP/STM32F4xx_Nucleo_144" -I"C:/Hans/UBA/Prog uC/PdM_workspace/Tp_SpiAds1293/Drivers/Core/Inc" -I"C:/Hans/UBA/Prog uC/PdM_workspace/Tp_SpiAds1293/Drivers/API/Inc" -O0 -ffunction-sections -fdata-sections -Wall -fstack-usage -MMD -MP -MF"Drivers/Core/Src/stm32f4xx_it.d" -MT"Drivers/Core/Src/stm32f4xx_it.o" --specs=nano.specs -mfpu=fpv4-sp-d16 -mfloat-abi=hard -mthumb -o "Drivers/Core/Src/stm32f4xx_it.o"
arm-none-eabi-gcc "../Drivers/API/Src/API_SPI.c" -mcpu=cortex-m4 -std=gnu11 -g3 -DDEBUG -DSTM32 -DSTM32F429ZITx -DSTM32F4 -DNUCLEO_F429ZI -DUSE_HAL_DRIVER -DSTM32F429xx -c -I../Inc -I"C:/Hans/UBA/Prog uC/PdM_workspace/Tp_SpiAds1293/Drivers/STM32F4xx_HAL_Driver/Inc" -I"C:/Hans/UBA/Prog uC/PdM_workspace/Tp_SpiAds1293/Drivers/CMSIS/Include" -I"C:/Hans/UBA/Prog uC/PdM_workspace/Tp_SpiAds1293/Drivers/CMSIS/Device/ST/STM32F4xx/Include" -I"C:/Hans/UBA/Prog uC/PdM_workspace/Tp_SpiAds1293/Drivers/BSP/STM32F4xx_Nucleo_144" -I"C:/Hans/UBA/Prog uC/PdM_workspace/Tp_SpiAds1293/Drivers/Core/Inc" -I"C:/Hans/UBA/Prog uC/PdM_workspace/Tp_SpiAds1293/Drivers/API/Inc" -O0 -ffunction-sections -fdata-sections -Wall -fstack-usage -MMD -MP -MF"Drivers/API/Src/API_SPI.d" -MT"Drivers/API/Src/API_SPI.o" --specs=nano.specs -mfpu=fpv4-sp-d16 -mfloat-abi=hard -mthumb -o "Drivers/API/Src/API_SPI.o"
arm-none-eabi-gcc -o "Tp_SpiAds1293.elf" @"objects.list"   -mcpu=cortex-m4 -T"C:\Hans\UBA\Prog uC\PdM_workspace\Tp_SpiAds1293\STM32F429ZITX_FLASH.ld" --specs=nosys.specs -Wl,-Map="Tp_SpiAds1293.map" -Wl,--gc-sections -static --specs=nano.specs -mfpu=fpv4-sp-d16 -mfloat-abi=hard -mthumb -Wl,--start-group -lc -lm -Wl,--end-group
Finished building target: Tp_SpiAds1293.elf
 
arm-none-eabi-size   Tp_SpiAds1293.elf 
arm-none-eabi-objdump -h -S  Tp_SpiAds1293.elf  > "Tp_SpiAds1293.list"
arm-none-eabi-objcopy  -O binary  Tp_SpiAds1293.elf  "Tp_SpiAds1293.bin"
   text	   data	    bss	    dec	    hex	filename
  13412	     64	   1744	  15220	   3b74	Tp_SpiAds1293.elf
Finished building: default.size.stdout
 
Finished building: Tp_SpiAds1293.bin
 
Finished building: Tp_SpiAds1293.list
 
21:57:27 **** Incremental Build of configuration Debug for project Tp_SpiAds1293 ****
make -j12 all 
arm-none-eabi-gcc "../Src/main.c" -mcpu=cortex-m4 -std=gnu11 -g3 -DDEBUG -DSTM32 -DSTM32F429ZITx -DSTM32F4 -DNUCLEO_F429ZI -DUSE_HAL_DRIVER -DSTM32F429xx -c -I../Inc -I"C:/Hans/UBA/Prog uC/PdM_workspace/Tp_SpiAds1293/Drivers/STM32F4xx_HAL_Driver/Inc" -I"C:/Hans/UBA/Prog uC/PdM_workspace/Tp_SpiAds1293/Drivers/CMSIS/Include" -I"C:/Hans/UBA/Prog uC/PdM_workspace/Tp_SpiAds1293/Drivers/CMSIS/Device/ST/STM32F4xx/Include" -I"C:/Hans/UBA/Prog uC/PdM_workspace/Tp_SpiAds1293/Drivers/BSP/STM32F4xx_Nucleo_144" -I"C:/Hans/UBA/Prog uC/PdM_workspace/Tp_SpiAds1293/Drivers/Core/Inc" -I"C:/Hans/UBA/Prog uC/PdM_workspace/Tp_SpiAds1293/Drivers/API/Inc" -O0 -ffunction-sections -fdata-sections -Wall -fstack-usage -MMD -MP -MF"Src/main.d" -MT"Src/main.o" --specs=nano.specs -mfpu=fpv4-sp-d16 -mfloat-abi=hard -mthumb -o "Src/main.o"
arm-none-eabi-gcc -o "Tp_SpiAds1293.elf" @"objects.list"   -mcpu=cortex-m4 -T"C:\Hans\UBA\Prog uC\PdM_workspace\Tp_SpiAds1293\STM32F429ZITX_FLASH.ld" --specs=nosys.specs -Wl,-Map="Tp_SpiAds1293.map" -Wl,--gc-sections -static --specs=nano.specs -mfpu=fpv4-sp-d16 -mfloat-abi=hard -mthumb -Wl,--start-group -lc -lm -Wl,--end-group
Finished building target: Tp_SpiAds1293.elf
 
arm-none-eabi-size   Tp_SpiAds1293.elf 
arm-none-eabi-objdump -h -S  Tp_SpiAds1293.elf  > "Tp_SpiAds1293.list"
arm-none-eabi-objcopy  -O binary  Tp_SpiAds1293.elf  "Tp_SpiAds1293.bin"
   text	   data	    bss	    dec	    hex	filename
  13404	     64	   1744	  15212	   3b6c	Tp_SpiAds1293.elf
Finished building: default.size.stdout
 
Finished building: Tp_SpiAds1293.bin
 
Finished building: Tp_SpiAds1293.list
 
21:59:13 **** Incremental Build of configuration Debug for project Tp_SpiAds1293 ****
make -j12 all 
arm-none-eabi-gcc "../Src/main.c" -mcpu=cortex-m4 -std=gnu11 -g3 -DDEBUG -DSTM32 -DSTM32F429ZITx -DSTM32F4 -DNUCLEO_F429ZI -DUSE_HAL_DRIVER -DSTM32F429xx -c -I../Inc -I"C:/Hans/UBA/Prog uC/PdM_workspace/Tp_SpiAds1293/Drivers/STM32F4xx_HAL_Driver/Inc" -I"C:/Hans/UBA/Prog uC/PdM_workspace/Tp_SpiAds1293/Drivers/CMSIS/Include" -I"C:/Hans/UBA/Prog uC/PdM_workspace/Tp_SpiAds1293/Drivers/CMSIS/Device/ST/STM32F4xx/Include" -I"C:/Hans/UBA/Prog uC/PdM_workspace/Tp_SpiAds1293/Drivers/BSP/STM32F4xx_Nucleo_144" -I"C:/Hans/UBA/Prog uC/PdM_workspace/Tp_SpiAds1293/Drivers/Core/Inc" -I"C:/Hans/UBA/Prog uC/PdM_workspace/Tp_SpiAds1293/Drivers/API/Inc" -O0 -ffunction-sections -fdata-sections -Wall -fstack-usage -MMD -MP -MF"Src/main.d" -MT"Src/main.o" --specs=nano.specs -mfpu=fpv4-sp-d16 -mfloat-abi=hard -mthumb -o "Src/main.o"
arm-none-eabi-gcc "../Drivers/STM32F4xx_HAL_Driver/Src/stm32f4xx_hal_msp.c" -mcpu=cortex-m4 -std=gnu11 -g3 -DDEBUG -DSTM32 -DSTM32F429ZITx -DSTM32F4 -DNUCLEO_F429ZI -DUSE_HAL_DRIVER -DSTM32F429xx -c -I../Inc -I"C:/Hans/UBA/Prog uC/PdM_workspace/Tp_SpiAds1293/Drivers/STM32F4xx_HAL_Driver/Inc" -I"C:/Hans/UBA/Prog uC/PdM_workspace/Tp_SpiAds1293/Drivers/CMSIS/Include" -I"C:/Hans/UBA/Prog uC/PdM_workspace/Tp_SpiAds1293/Drivers/CMSIS/Device/ST/STM32F4xx/Include" -I"C:/Hans/UBA/Prog uC/PdM_workspace/Tp_SpiAds1293/Drivers/BSP/STM32F4xx_Nucleo_144" -I"C:/Hans/UBA/Prog uC/PdM_workspace/Tp_SpiAds1293/Drivers/Core/Inc" -I"C:/Hans/UBA/Prog uC/PdM_workspace/Tp_SpiAds1293/Drivers/API/Inc" -O0 -ffunction-sections -fdata-sections -Wall -fstack-usage -MMD -MP -MF"Drivers/STM32F4xx_HAL_Driver/Src/stm32f4xx_hal_msp.d" -MT"Drivers/STM32F4xx_HAL_Driver/Src/stm32f4xx_hal_msp.o" --specs=nano.specs -mfpu=fpv4-sp-d16 -mfloat-abi=hard -mthumb -o "Drivers/STM32F4xx_HAL_Driver/Src/stm32f4xx_hal_msp.o"
arm-none-eabi-gcc "../Drivers/Core/Src/stm32f4xx_it.c" -mcpu=cortex-m4 -std=gnu11 -g3 -DDEBUG -DSTM32 -DSTM32F429ZITx -DSTM32F4 -DNUCLEO_F429ZI -DUSE_HAL_DRIVER -DSTM32F429xx -c -I../Inc -I"C:/Hans/UBA/Prog uC/PdM_workspace/Tp_SpiAds1293/Drivers/STM32F4xx_HAL_Driver/Inc" -I"C:/Hans/UBA/Prog uC/PdM_workspace/Tp_SpiAds1293/Drivers/CMSIS/Include" -I"C:/Hans/UBA/Prog uC/PdM_workspace/Tp_SpiAds1293/Drivers/CMSIS/Device/ST/STM32F4xx/Include" -I"C:/Hans/UBA/Prog uC/PdM_workspace/Tp_SpiAds1293/Drivers/BSP/STM32F4xx_Nucleo_144" -I"C:/Hans/UBA/Prog uC/PdM_workspace/Tp_SpiAds1293/Drivers/Core/Inc" -I"C:/Hans/UBA/Prog uC/PdM_workspace/Tp_SpiAds1293/Drivers/API/Inc" -O0 -ffunction-sections -fdata-sections -Wall -fstack-usage -MMD -MP -MF"Drivers/Core/Src/stm32f4xx_it.d" -MT"Drivers/Core/Src/stm32f4xx_it.o" --specs=nano.specs -mfpu=fpv4-sp-d16 -mfloat-abi=hard -mthumb -o "Drivers/Core/Src/stm32f4xx_it.o"
arm-none-eabi-gcc "../Drivers/API/Src/API_SPI.c" -mcpu=cortex-m4 -std=gnu11 -g3 -DDEBUG -DSTM32 -DSTM32F429ZITx -DSTM32F4 -DNUCLEO_F429ZI -DUSE_HAL_DRIVER -DSTM32F429xx -c -I../Inc -I"C:/Hans/UBA/Prog uC/PdM_workspace/Tp_SpiAds1293/Drivers/STM32F4xx_HAL_Driver/Inc" -I"C:/Hans/UBA/Prog uC/PdM_workspace/Tp_SpiAds1293/Drivers/CMSIS/Include" -I"C:/Hans/UBA/Prog uC/PdM_workspace/Tp_SpiAds1293/Drivers/CMSIS/Device/ST/STM32F4xx/Include" -I"C:/Hans/UBA/Prog uC/PdM_workspace/Tp_SpiAds1293/Drivers/BSP/STM32F4xx_Nucleo_144" -I"C:/Hans/UBA/Prog uC/PdM_workspace/Tp_SpiAds1293/Drivers/Core/Inc" -I"C:/Hans/UBA/Prog uC/PdM_workspace/Tp_SpiAds1293/Drivers/API/Inc" -O0 -ffunction-sections -fdata-sections -Wall -fstack-usage -MMD -MP -MF"Drivers/API/Src/API_SPI.d" -MT"Drivers/API/Src/API_SPI.o" --specs=nano.specs -mfpu=fpv4-sp-d16 -mfloat-abi=hard -mthumb -o "Drivers/API/Src/API_SPI.o"
arm-none-eabi-gcc -o "Tp_SpiAds1293.elf" @"objects.list"   -mcpu=cortex-m4 -T"C:\Hans\UBA\Prog uC\PdM_workspace\Tp_SpiAds1293\STM32F429ZITX_FLASH.ld" --specs=nosys.specs -Wl,-Map="Tp_SpiAds1293.map" -Wl,--gc-sections -static --specs=nano.specs -mfpu=fpv4-sp-d16 -mfloat-abi=hard -mthumb -Wl,--start-group -lc -lm -Wl,--end-group
Finished building target: Tp_SpiAds1293.elf
 
arm-none-eabi-size   Tp_SpiAds1293.elf 
arm-none-eabi-objdump -h -S  Tp_SpiAds1293.elf  > "Tp_SpiAds1293.list"
arm-none-eabi-objcopy  -O binary  Tp_SpiAds1293.elf  "Tp_SpiAds1293.bin"
   text	   data	    bss	    dec	    hex	filename
  13416	     64	   1744	  15224	   3b78	Tp_SpiAds1293.elf
Finished building: default.size.stdout
 
Finished building: Tp_SpiAds1293.bin
 
Finished building: Tp_SpiAds1293.list
 
